<?xml version="1.0" encoding="utf-8"?><testsuites name="pytest tests"><testsuite name="pytest" errors="0" failures="0" skipped="0" tests="26" time="8.683" timestamp="2026-06-14T19:51:52.230369+00:00" hostname="agent-env-5f55ecc9-2ca6-4cef-94cd-dfb6c5e4a80d"><testcase classname="backend.tests.test_auth_roles" name="test_login_invalid_password" time="0.487" /><testcase classname="backend.tests.test_auth_roles" name="test_login_unknown_user" time="0.147" /><testcase classname="backend.tests.test_auth_roles" name="test_auth_me_admin" time="0.656" /><testcase classname="backend.tests.test_auth_roles" name="test_auth_me_vend" time="0.772" /><testcase classname="backend.tests.test_auth_roles" name="test_no_token_unauthorized" time="0.143" /><testcase classname="backend.tests.test_auth_roles" name="test_invalid_token_unauthorized" time="0.130" /><testcase classname="backend.tests.test_auth_roles" name="test_caja_get_vendedora_forbidden" time="0.165" /><testcase classname="backend.tests.test_auth_roles" name="test_caja_get_admin_allowed" time="0.141" /><testcase classname="backend.tests.test_auth_roles" name="test_caja_create_vendedora_forbidden" time="0.137" /><testcase classname="backend.tests.test_auth_roles" name="test_caja_create_admin_allowed" time="0.127" /><testcase classname="backend.tests.test_auth_roles" name="test_compras_get_vendedora_forbidden" time="0.132" /><testcase classname="backend.tests.test_auth_roles" name="test_compras_get_admin_allowed" time="0.132" /><testcase classname="backend.tests.test_auth_roles" name="test_ajustes_get_vendedora_forbidden" time="0.138" /><testcase classname="backend.tests.test_auth_roles" name="test_ajustes_get_admin_allowed" time="0.167" /><testcase classname="backend.tests.test_auth_roles" name="test_productos_get_vendedora_allowed" time="0.150" /><testcase classname="backend.tests.test_auth_roles" name="test_clientes_get_vendedora_allowed" time="0.117" /><testcase classname="backend.tests.test_auth_roles" name="test_ventas_get_vendedora_allowed" time="0.158" /><testcase classname="backend.tests.test_auth_roles" name="test_dashboard_vendedora_allowed" time="0.127" /><testcase classname="backend.tests.test_auth_roles" name="test_product_create_with_image_admin" time="0.439" /><testcase classname="backend.tests.test_auth_roles" name="test_sale_with_discount_price_decrements_stock" time="0.616" /><testcase classname="backend.tests.test_auth_roles" name="test_sale_payment_methods[Efectivo]" time="0.644" /><testcase classname="backend.tests.test_auth_roles" name="test_sale_payment_methods[Yape]" time="0.632" /><testcase classname="backend.tests.test_auth_roles" name="test_sale_payment_methods[Plin]" time="0.660" /><testcase classname="backend.tests.test_auth_roles" name="test_sale_payment_methods[Transferencia]" time="0.742" /><testcase classname="backend.tests.test_auth_roles" name="test_customer_create_vendedora" time="0.486" /><testcase classname="backend.tests.test_auth_roles" name="test_cleanup" time="0.197" /></testsuite></testsuites>