<?xml version="1.0" encoding="utf-8"?><testsuites name="pytest tests"><testsuite name="pytest" errors="0" failures="0" skipped="0" tests="19" time="2.052" timestamp="2026-06-14T19:39:11.450698+00:00" hostname="agent-env-5f55ecc9-2ca6-4cef-94cd-dfb6c5e4a80d"><testcase classname="backend.tests.backend_test" name="test_dashboard_stats" time="0.222" /><testcase classname="backend.tests.backend_test" name="test_product_create_and_get" time="0.154" /><testcase classname="backend.tests.backend_test" name="test_product_duplicate_code" time="0.051" /><testcase classname="backend.tests.backend_test" name="test_product_update" time="0.109" /><testcase classname="backend.tests.backend_test" name="test_product_list" time="0.055" /><testcase classname="backend.tests.backend_test" name="test_create_sale_decreases_stock" time="0.157" /><testcase classname="backend.tests.backend_test" name="test_get_sales" time="0.049" /><testcase classname="backend.tests.backend_test" name="test_create_purchase_increases_stock" time="0.148" /><testcase classname="backend.tests.backend_test" name="test_get_purchases" time="0.048" /><testcase classname="backend.tests.backend_test" name="test_create_customer" time="0.052" /><testcase classname="backend.tests.backend_test" name="test_get_customers" time="0.052" /><testcase classname="backend.tests.backend_test" name="test_update_customer" time="0.054" /><testcase classname="backend.tests.backend_test" name="test_delete_customer" time="0.100" /><testcase classname="backend.tests.backend_test" name="test_create_cash_movement" time="0.051" /><testcase classname="backend.tests.backend_test" name="test_get_cash_movements" time="0.058" /><testcase classname="backend.tests.backend_test" name="test_create_adjustment" time="0.157" /><testcase classname="backend.tests.backend_test" name="test_adjustment_invalid_product" time="0.054" /><testcase classname="backend.tests.backend_test" name="test_get_adjustments" time="0.051" /><testcase classname="backend.tests.backend_test" name="test_delete_product" time="0.200" /></testsuite></testsuites>